================================================================================
3D Point-Reaching MVP: per-DOF vs scalar vs no uncertainty
Design: bias = sigma * 2.5; obs = noisy_action only
================================================================================

--- Group 1: sigma=(0.5,0.1,0.1), unc=oracle ---
  G1 [oracle] A(scalar): x=0.180218 y=0.024970 z=0.024232 total=0.076473
  G1 [oracle] B(per-DOF): x=0.172652 y=0.015544 z=0.015610 total=0.067935
  G1 [oracle] C(none): x=0.227060 y=0.025542 z=0.024753 total=0.092451

  Pass check Group 1:
  C1(B vs A): y_imp=0.3775 z_imp=0.3558 x_ok=True -> PASS
  C2(B vs C): imps=['0.2396', '0.3914', '0.3694'] -> PASS
  Group 1: PASS

--- Group 2: sigma=(0.2,0.1,0.1), unc=oracle ---
  G2 [oracle] A(scalar): x=0.064642 y=0.023836 z=0.022967 total=0.037148
  G2 [oracle] B(per-DOF): x=0.053403 y=0.015695 z=0.015730 total=0.028276
  G2 [oracle] C(none): x=0.084178 y=0.025427 z=0.024798 total=0.044801

--- Group 3: sigma=(0.15,0.1,0.1), unc=oracle ---
  G3 [oracle] A(scalar): x=0.042948 y=0.023218 z=0.022365 total=0.029510
  G3 [oracle] B(per-DOF): x=0.033008 y=0.015621 z=0.015647 total=0.021425
  G3 [oracle] C(none): x=0.053043 y=0.025523 z=0.024741 total=0.034436

--- Group 4: sigma=(0.5,0.1,0.1), unc=K=10 ---
  G4 [K=10] A(scalar): x=0.187418 y=0.024701 z=0.024277 total=0.078799
  G4 [K=10] B(per-DOF): x=0.182888 y=0.019072 z=0.018475 total=0.073478
  G4 [K=10] C(none): x=0.215070 y=0.024960 z=0.024637 total=0.088223

  Pass check Group 4:
  C1(B vs A): y_imp=0.2279 z_imp=0.2390 x_ok=True -> PASS
  C2(B vs C): imps=['0.1496', '0.2359', '0.2501'] -> PASS
  Group 4: PASS

--- Group 5: sigma=(0.2,0.1,0.1), unc=K=10 ---
  G5 [K=10] A(scalar): x=0.064895 y=0.023860 z=0.023596 total=0.037451
  G5 [K=10] B(per-DOF): x=0.058510 y=0.018868 z=0.018471 total=0.031950
  G5 [K=10] C(none): x=0.077047 y=0.024825 z=0.024640 total=0.042171

--- Group 6: sigma=(0.15,0.1,0.1), unc=K=10 ---
  G6 [K=10] A(scalar): x=0.041848 y=0.023440 z=0.023207 total=0.029498
  G6 [K=10] B(per-DOF): x=0.036348 y=0.018736 z=0.018453 total=0.024512
  G6 [K=10] C(none): x=0.048365 y=0.024827 z=0.024577 total=0.032590

================================================================================
RESULTS SUMMARY
================================================================================
 Grp        Model      MSE_x      MSE_y      MSE_z      Total
------------------------------------------------------------
   1    A(scalar)   0.180218   0.024970   0.024232   0.076473
   1   B(per-DOF)   0.172652   0.015544   0.015610   0.067935
   1      C(none)   0.227060   0.025542   0.024753   0.092451

   2    A(scalar)   0.064642   0.023836   0.022967   0.037148
   2   B(per-DOF)   0.053403   0.015695   0.015730   0.028276
   2      C(none)   0.084178   0.025427   0.024798   0.044801

   3    A(scalar)   0.042948   0.023218   0.022365   0.029510
   3   B(per-DOF)   0.033008   0.015621   0.015647   0.021425
   3      C(none)   0.053043   0.025523   0.024741   0.034436

   4    A(scalar)   0.187418   0.024701   0.024277   0.078799
   4   B(per-DOF)   0.182888   0.019072   0.018475   0.073478
   4      C(none)   0.215070   0.024960   0.024637   0.088223

   5    A(scalar)   0.064895   0.023860   0.023596   0.037451
   5   B(per-DOF)   0.058510   0.018868   0.018471   0.031950
   5      C(none)   0.077047   0.024825   0.024640   0.042171

   6    A(scalar)   0.041848   0.023440   0.023207   0.029498
   6   B(per-DOF)   0.036348   0.018736   0.018453   0.024512
   6      C(none)   0.048365   0.024827   0.024577   0.032590

================================================================================
VERDICT
================================================================================
  Group 1: PASS
  Group 4: PASS

  OVERALL: SUCCESS
================================================================================
